<?xml version="1.0" encoding="UTF-8"?>
<testsuite name="TicTacToeTest" tests="1" skipped="0" failures="1" errors="0" timestamp="2019-11-14T11:09:33" hostname="ITU-UY" time="0.15">
  <properties/>
  <testcase name="start" classname="TicTacToeTest" time="0.15">
    <failure message="java.lang.AssertionError: Wrong answer in test #1&#10;&#10;No fields found&#10;&#10;Below you can see the output of your program during this test&#10;Notice, that '&gt;' symbol means the start of the input:&#10;&#10;---------&#13;&#10;| ? ? ? |&#13;&#10;| ? ? ? |&#13;&#10;| ? ? ? |&#13;&#10;---------&#13;&#10;Enter the coordinates: &gt;3 3&#10;---------&#13;&#10;| ? ? X |&#13;&#10;| ? ? ? |&#13;&#10;| ? ? ? |&#13;&#10;---------&#13;&#10;Enter the coordinates: &gt;2 2&#10;---------&#13;&#10;| ? ? X |&#13;&#10;| ? O ? |&#13;&#10;| ? ? ? |&#13;&#10;---------&#13;&#10;Enter the coordinates: &gt;4 1&#10;Coordinates should be from 1 to 3!&#13;&#10;Enter the coordinates: &gt;3 1&#10;---------&#13;&#10;| ? ? X |&#13;&#10;| ? O ? |&#13;&#10;| ? ? X |&#13;&#10;---------&#13;&#10;Enter the coordinates: &gt;1 3&#10;---------&#13;&#10;| O ? X |&#13;&#10;| ? O ? |&#13;&#10;| ? ? X |&#13;&#10;---------&#13;&#10;Enter the coordinates: &gt;4 3&#10;Coordinates should be from 1 to 3!&#13;&#10;Enter the coordinates: &gt;4 4&#10;Coordinates should be from 1 to 3!&#13;&#10;Enter the coordinates: &gt;3 1&#10;This cell is occupied! Choose another one!&#13;&#10;Enter the coordinates: &gt;4 4&#10;Coordinates should be from 1 to 3!&#13;&#10;Enter the coordinates: &gt;4 3&#10;Coordinates should be from 1 to 3!&#13;&#10;Enter the coordinates: &gt;1 1&#10;---------&#13;&#10;| O ? X |&#13;&#10;| ? O ? |&#13;&#10;| X ? X |&#13;&#10;---------&#13;&#10;Enter the coordinates: &gt;1 2&#10;---------&#13;&#10;| O ? X |&#13;&#10;| O O ? |&#13;&#10;| X ? X |&#13;&#10;---------&#13;&#10;Enter the coordinates: &gt;1 3&#10;This cell is occupied! Choose another one!&#13;&#10;Enter the coordinates: &gt;2 1&#10;---------&#13;&#10;| O ? X |&#13;&#10;| O O ? |&#13;&#10;| X X X |&#13;&#10;---------&#13;&#10;X wins" type="java.lang.AssertionError">java.lang.AssertionError: Wrong answer in test #1

No fields found

Below you can see the output of your program during this test
Notice, that '&gt;' symbol means the start of the input:

---------
| ? ? ? |
| ? ? ? |
| ? ? ? |
---------
Enter the coordinates: &gt;3 3
---------
| ? ? X |
| ? ? ? |
| ? ? ? |
---------
Enter the coordinates: &gt;2 2
---------
| ? ? X |
| ? O ? |
| ? ? ? |
---------
Enter the coordinates: &gt;4 1
Coordinates should be from 1 to 3!
Enter the coordinates: &gt;3 1
---------
| ? ? X |
| ? O ? |
| ? ? X |
---------
Enter the coordinates: &gt;1 3
---------
| O ? X |
| ? O ? |
| ? ? X |
---------
Enter the coordinates: &gt;4 3
Coordinates should be from 1 to 3!
Enter the coordinates: &gt;4 4
Coordinates should be from 1 to 3!
Enter the coordinates: &gt;3 1
This cell is occupied! Choose another one!
Enter the coordinates: &gt;4 4
Coordinates should be from 1 to 3!
Enter the coordinates: &gt;4 3
Coordinates should be from 1 to 3!
Enter the coordinates: &gt;1 1
---------
| O ? X |
| ? O ? |
| X ? X |
---------
Enter the coordinates: &gt;1 2
---------
| O ? X |
| O O ? |
| X ? X |
---------
Enter the coordinates: &gt;1 3
This cell is occupied! Choose another one!
Enter the coordinates: &gt;2 1
---------
| O ? X |
| O O ? |
| X X X |
---------
X wins
	at org.junit.Assert.fail(Assert.java:88)
	at org.hyperskill.hstest.v6.stage.BaseStageTest.start(BaseStageTest.java:172)
	at java.base/jdk.internal.reflect.NativeMethodAccessorImpl.invoke0(Native Method)
	at java.base/jdk.internal.reflect.NativeMethodAccessorImpl.invoke(NativeMethodAccessorImpl.java:62)
	at java.base/jdk.internal.reflect.DelegatingMethodAccessorImpl.invoke(DelegatingMethodAccessorImpl.java:43)
	at java.base/java.lang.reflect.Method.invoke(Method.java:566)
	at org.junit.runners.model.FrameworkMethod$1.runReflectiveCall(FrameworkMethod.java:50)
	at org.junit.internal.runners.model.ReflectiveCallable.run(ReflectiveCallable.java:12)
	at org.junit.runners.model.FrameworkMethod.invokeExplosively(FrameworkMethod.java:47)
	at org.junit.internal.runners.statements.InvokeMethod.evaluate(InvokeMethod.java:17)
	at org.junit.runners.ParentRunner.runLeaf(ParentRunner.java:325)
	at org.junit.runners.BlockJUnit4ClassRunner.runChild(BlockJUnit4ClassRunner.java:78)
	at org.junit.runners.BlockJUnit4ClassRunner.runChild(BlockJUnit4ClassRunner.java:57)
	at org.junit.runners.ParentRunner$3.run(ParentRunner.java:290)
	at org.junit.runners.ParentRunner$1.schedule(ParentRunner.java:71)
	at org.junit.runners.ParentRunner.runChildren(ParentRunner.java:288)
	at org.junit.runners.ParentRunner.access$000(ParentRunner.java:58)
	at org.junit.runners.ParentRunner$2.evaluate(ParentRunner.java:268)
	at org.junit.internal.runners.statements.RunBefores.evaluate(RunBefores.java:26)
	at org.junit.runners.ParentRunner.run(ParentRunner.java:363)
	at org.gradle.api.internal.tasks.testing.junit.JUnitTestClassExecutor.runTestClass(JUnitTestClassExecutor.java:110)
	at org.gradle.api.internal.tasks.testing.junit.JUnitTestClassExecutor.execute(JUnitTestClassExecutor.java:58)
	at org.gradle.api.internal.tasks.testing.junit.JUnitTestClassExecutor.execute(JUnitTestClassExecutor.java:38)
	at org.gradle.api.internal.tasks.testing.junit.AbstractJUnitTestClassProcessor.processTestClass(AbstractJUnitTestClassProcessor.java:62)
	at org.gradle.api.internal.tasks.testing.SuiteTestClassProcessor.processTestClass(SuiteTestClassProcessor.java:51)
	at java.base/jdk.internal.reflect.NativeMethodAccessorImpl.invoke0(Native Method)
	at java.base/jdk.internal.reflect.NativeMethodAccessorImpl.invoke(NativeMethodAccessorImpl.java:62)
	at java.base/jdk.internal.reflect.DelegatingMethodAccessorImpl.invoke(DelegatingMethodAccessorImpl.java:43)
	at java.base/java.lang.reflect.Method.invoke(Method.java:566)
	at org.gradle.internal.dispatch.ReflectionDispatch.dispatch(ReflectionDispatch.java:35)
	at org.gradle.internal.dispatch.ReflectionDispatch.dispatch(ReflectionDispatch.java:24)
	at org.gradle.internal.dispatch.ContextClassLoaderDispatch.dispatch(ContextClassLoaderDispatch.java:32)
	at org.gradle.internal.dispatch.ProxyDispatchAdapter$DispatchingInvocationHandler.invoke(ProxyDispatchAdapter.java:93)
	at com.sun.proxy.$Proxy2.processTestClass(Unknown Source)
	at org.gradle.api.internal.tasks.testing.worker.TestWorker.processTestClass(TestWorker.java:118)
	at java.base/jdk.internal.reflect.NativeMethodAccessorImpl.invoke0(Native Method)
	at java.base/jdk.internal.reflect.NativeMethodAccessorImpl.invoke(NativeMethodAccessorImpl.java:62)
	at java.base/jdk.internal.reflect.DelegatingMethodAccessorImpl.invoke(DelegatingMethodAccessorImpl.java:43)
	at java.base/java.lang.reflect.Method.invoke(Method.java:566)
	at org.gradle.internal.dispatch.ReflectionDispatch.dispatch(ReflectionDispatch.java:35)
	at org.gradle.internal.dispatch.ReflectionDispatch.dispatch(ReflectionDispatch.java:24)
	at org.gradle.internal.remote.internal.hub.MessageHubBackedObjectConnection$DispatchWrapper.dispatch(MessageHubBackedObjectConnection.java:175)
	at org.gradle.internal.remote.internal.hub.MessageHubBackedObjectConnection$DispatchWrapper.dispatch(MessageHubBackedObjectConnection.java:157)
	at org.gradle.internal.remote.internal.hub.MessageHub$Handler.run(MessageHub.java:404)
	at org.gradle.internal.concurrent.ExecutorPolicy$CatchAndRecordFailures.onExecute(ExecutorPolicy.java:63)
	at org.gradle.internal.concurrent.ManagedExecutorImpl$1.run(ManagedExecutorImpl.java:46)
	at java.base/java.util.concurrent.ThreadPoolExecutor.runWorker(ThreadPoolExecutor.java:1128)
	at java.base/java.util.concurrent.ThreadPoolExecutor$Worker.run(ThreadPoolExecutor.java:628)
	at org.gradle.internal.concurrent.ThreadFactoryImpl$ManagedThreadRunnable.run(ThreadFactoryImpl.java:55)
	at java.base/java.lang.Thread.run(Thread.java:834)
</failure>
  </testcase>
  <system-out><![CDATA[?[1;31m
Start test 1?[0m
---------
| ? ? ? |
| ? ? ? |
| ? ? ? |
---------
Enter the coordinates: >3 3
---------
| ? ? X |
| ? ? ? |
| ? ? ? |
---------
Enter the coordinates: >2 2
---------
| ? ? X |
| ? O ? |
| ? ? ? |
---------
Enter the coordinates: >4 1
Coordinates should be from 1 to 3!
Enter the coordinates: >3 1
---------
| ? ? X |
| ? O ? |
| ? ? X |
---------
Enter the coordinates: >1 3
---------
| O ? X |
| ? O ? |
| ? ? X |
---------
Enter the coordinates: >4 3
Coordinates should be from 1 to 3!
Enter the coordinates: >4 4
Coordinates should be from 1 to 3!
Enter the coordinates: >3 1
This cell is occupied! Choose another one!
Enter the coordinates: >4 4
Coordinates should be from 1 to 3!
Enter the coordinates: >4 3
Coordinates should be from 1 to 3!
Enter the coordinates: >1 1
---------
| O ? X |
| ? O ? |
| X ? X |
---------
Enter the coordinates: >1 2
---------
| O ? X |
| O O ? |
| X ? X |
---------
Enter the coordinates: >1 3
This cell is occupied! Choose another one!
Enter the coordinates: >2 1
---------
| O ? X |
| O O ? |
| X X X |
---------
X wins
]]></system-out>
  <system-err><![CDATA[]]></system-err>
</testsuite>
